Univs1/app/build/outputs/logs/manifest-merger-univs-debug-report.txt
-- Merging decision tree log ---
manifest
ADDED from src/main/AndroidManifest.xml:2:1-121:12
	package
		ADDED from src/main/AndroidManifest.xml:3:5-27
		INJECTED from src/main/AndroidManifest.xml
		INJECTED from src/main/AndroidManifest.xml
	android:versionName
		ADDED from src/main/AndroidManifest.xml:5:5-33
		INJECTED from src/main/AndroidManifest.xml
		INJECTED from src/main/AndroidManifest.xml
	android:versionCode
		ADDED from src/main/AndroidManifest.xml:4:5-28
		INJECTED from src/main/AndroidManifest.xml
		INJECTED from src/main/AndroidManifest.xml
	xmlns:android
		ADDED from src/main/AndroidManifest.xml:2:11-69
uses-sdk
ADDED from src/main/AndroidManifest.xml:7:5-9:41
MERGED from [com.android.support:support-v4:23.1.1] AndroidManifest.xml:20:5-43
MERGED from [com.android.support:appcompat-v7:23.1.1] AndroidManifest.xml:20:5-43
MERGED from [com.android.support:support-v4:23.1.1] AndroidManifest.xml:20:5-43
MERGED from [com.flyco.roundview:FlycoRoundView_Lib:1.1.2] AndroidManifest.xml:7:5-9:41
MERGED from [com.flyco.tablayout:FlycoTabLayout_Lib:1.5.0] AndroidManifest.xml:7:5-9:41
MERGED from [com.ikimuhendis:ldrawer:0.1] AndroidManifest.xml:7:5-9:41
MERGED from [com.android.support:support-v4:23.1.1] AndroidManifest.xml:20:5-43
MERGED from [com.github.traex.rippleeffect:library:1.3] AndroidManifest.xml:8:5-10:41
MERGED from [de.hdodenhof:circleimageview:2.0.0] AndroidManifest.xml:5:5-7:41
MERGED from [com.uwetrottmann.photoview:library:1.2.4] AndroidManifest.xml:7:5-9:41
MERGED from [com.android.support:support-v4:23.1.1] AndroidManifest.xml:20:5-43
MERGED from [com.android.support:design:23.1.1] AndroidManifest.xml:20:5-43
MERGED from [com.android.support:appcompat-v7:23.1.1] AndroidManifest.xml:20:5-43
MERGED from [com.android.support:support-v4:23.1.1] AndroidManifest.xml:20:5-43
MERGED from [com.android.support:recyclerview-v7:23.1.1] AndroidManifest.xml:20:5-43
MERGED from [com.android.support:support-v4:23.1.1] AndroidManifest.xml:20:5-43
MERGED from [com.android.support:support-v4:23.1.1] AndroidManifest.xml:20:5-43
MERGED from [com.android.support:palette-v7:23.1.1] AndroidManifest.xml:20:5-43
MERGED from [com.android.support:support-v4:23.1.1] AndroidManifest.xml:20:5-43
	android:targetSdkVersion
		ADDED from src/main/AndroidManifest.xml:9:9-38
		INJECTED from src/main/AndroidManifest.xml
		INJECTED from src/main/AndroidManifest.xml
	android:minSdkVersion
		ADDED from src/main/AndroidManifest.xml:8:9-34
		INJECTED from src/main/AndroidManifest.xml
		INJECTED from src/main/AndroidManifest.xml
uses-permission#android.permission.VIBRATE
ADDED from src/main/AndroidManifest.xml:11:5-66
	android:name
		ADDED from src/main/AndroidManifest.xml:11:22-63
uses-permission#android.permission.ACCESS_NETWORK_STATE
ADDED from src/main/AndroidManifest.xml:12:5-79
	android:name
		ADDED from src/main/AndroidManifest.xml:12:22-76
uses-permission#android.permission.ACCESS_WIFI_STATE
ADDED from src/main/AndroidManifest.xml:13:5-76
	android:name
		ADDED from src/main/AndroidManifest.xml:13:22-73
uses-permission#android.permission.WRITE_EXTERNAL_STORAGE
ADDED from src/main/AndroidManifest.xml:14:5-81
	android:name
		ADDED from src/main/AndroidManifest.xml:14:22-78
uses-permission#android.permission.READ_PHONE_STATE
ADDED from src/main/AndroidManifest.xml:15:5-75
	android:name
		ADDED from src/main/AndroidManifest.xml:15:22-72
uses-permission#android.permission.INTERNET
ADDED from src/main/AndroidManifest.xml:16:5-67
	android:name
		ADDED from src/main/AndroidManifest.xml:16:22-64
uses-permission#android.permission.ACCESS_FINE_LOCATION
ADDED from src/main/AndroidManifest.xml:17:5-79
	android:name
		ADDED from src/main/AndroidManifest.xml:17:22-76
uses-permission#android.permission.ACCESS_COARSE_LOCATION
ADDED from src/main/AndroidManifest.xml:18:5-81
	android:name
		ADDED from src/main/AndroidManifest.xml:18:22-78
uses-permission#android.permission.SYSTEM_ALERT_WINDOW
ADDED from src/main/AndroidManifest.xml:19:5-78
	android:name
		ADDED from src/main/AndroidManifest.xml:19:22-75
android:uses-permission#android.permission.READ_EXTERNAL_STORAGE
ADDED from src/main/AndroidManifest.xml:21:5-88
	android:name
		ADDED from src/main/AndroidManifest.xml:21:30-85
application
ADDED from src/main/AndroidManifest.xml:23:5-119:19
MERGED from [com.android.support:support-v4:23.1.1] AndroidManifest.xml:22:5-20
MERGED from [com.android.support:appcompat-v7:23.1.1] AndroidManifest.xml:22:5-20
MERGED from [com.android.support:support-v4:23.1.1] AndroidManifest.xml:22:5-20
MERGED from [com.flyco.roundview:FlycoRoundView_Lib:1.1.2] AndroidManifest.xml:11:5-14:19
MERGED from [com.flyco.tablayout:FlycoTabLayout_Lib:1.5.0] AndroidManifest.xml:11:5-14:19
MERGED from [com.ikimuhendis:ldrawer:0.1] AndroidManifest.xml:11:5-47
MERGED from [com.android.support:support-v4:23.1.1] AndroidManifest.xml:22:5-20
MERGED from [com.github.traex.rippleeffect:library:1.3] AndroidManifest.xml:12:5-20
MERGED from [de.hdodenhof:circleimageview:2.0.0] AndroidManifest.xml:9:5-20
MERGED from [com.android.support:support-v4:23.1.1] AndroidManifest.xml:22:5-20
MERGED from [com.android.support:design:23.1.1] AndroidManifest.xml:22:5-20
MERGED from [com.android.support:appcompat-v7:23.1.1] AndroidManifest.xml:22:5-20
MERGED from [com.android.support:support-v4:23.1.1] AndroidManifest.xml:22:5-20
MERGED from [com.android.support:support-v4:23.1.1] AndroidManifest.xml:22:5-20
MERGED from [com.android.support:support-v4:23.1.1] AndroidManifest.xml:22:5-20
MERGED from [com.android.support:palette-v7:23.1.1] AndroidManifest.xml:22:5-23:19
MERGED from [com.android.support:support-v4:23.1.1] AndroidManifest.xml:22:5-20
	android:label
		ADDED from src/main/AndroidManifest.xml:26:9-41
	android:supportsRtl
		ADDED from [com.flyco.roundview:FlycoRoundView_Lib:1.1.2] AndroidManifest.xml:13:9-35
	android:allowBackup
		ADDED from src/main/AndroidManifest.xml:25:9-35
	android:theme
		ADDED from src/main/AndroidManifest.xml:27:9-40
	android:name
		ADDED from src/main/AndroidManifest.xml:24:9-41
activity#cn.univs.app.activity.GuideActivity
ADDED from src/main/AndroidManifest.xml:28:9-39:20
	android:screenOrientation
		ADDED from src/main/AndroidManifest.xml:32:13-49
	android:label
		ADDED from src/main/AndroidManifest.xml:31:13-45
	android:windowSoftInputMode
		ADDED from src/main/AndroidManifest.xml:33:13-70
	android:configChanges
		ADDED from src/main/AndroidManifest.xml:30:13-74
	android:name
		ADDED from src/main/AndroidManifest.xml:29:13-51
intent-filter#android.intent.action.MAIN+android.intent.category.LAUNCHER
ADDED from src/main/AndroidManifest.xml:34:13-38:29
action#android.intent.action.MAIN
ADDED from src/main/AndroidManifest.xml:35:17-69
	android:name
		ADDED from src/main/AndroidManifest.xml:35:25-66
category#android.intent.category.LAUNCHER
ADDED from src/main/AndroidManifest.xml:37:17-77
	android:name
		ADDED from src/main/AndroidManifest.xml:37:27-74
activity#cn.univs.app.activity.StartActivity
ADDED from src/main/AndroidManifest.xml:40:9-44:52
	android:screenOrientation
		ADDED from src/main/AndroidManifest.xml:44:13-49
	android:label
		ADDED from src/main/AndroidManifest.xml:43:13-45
	android:configChanges
		ADDED from src/main/AndroidManifest.xml:42:13-63
	android:name
		ADDED from src/main/AndroidManifest.xml:41:13-51
activity#cn.univs.app.activity.SpecialActivity2
ADDED from src/main/AndroidManifest.xml:45:9-50:73
	android:screenOrientation
		ADDED from src/main/AndroidManifest.xml:49:13-49
	android:label
		ADDED from src/main/AndroidManifest.xml:48:13-45
	android:windowSoftInputMode
		ADDED from src/main/AndroidManifest.xml:50:13-70
	android:configChanges
		ADDED from src/main/AndroidManifest.xml:47:13-74
	android:name
		ADDED from src/main/AndroidManifest.xml:46:13-54
activity#cn.univs.app.activity.SettingChannelActivity
ADDED from src/main/AndroidManifest.xml:51:9-56:73
	android:screenOrientation
		ADDED from src/main/AndroidManifest.xml:55:13-49
	android:label
		ADDED from src/main/AndroidManifest.xml:54:13-45
	android:windowSoftInputMode
		ADDED from src/main/AndroidManifest.xml:56:13-70
	android:configChanges
		ADDED from src/main/AndroidManifest.xml:53:13-74
	android:name
		ADDED from src/main/AndroidManifest.xml:52:13-60
activity#cn.univs.app.activity.PhotosActivity
ADDED from src/main/AndroidManifest.xml:57:9-62:73
	android:screenOrientation
		ADDED from src/main/AndroidManifest.xml:61:13-49
	android:label
		ADDED from src/main/AndroidManifest.xml:60:13-45
	android:windowSoftInputMode
		ADDED from src/main/AndroidManifest.xml:62:13-70
	android:configChanges
		ADDED from src/main/AndroidManifest.xml:59:13-74
	android:name
		ADDED from src/main/AndroidManifest.xml:58:13-52
activity#cn.univs.app.activity.NewsActivity
ADDED from src/main/AndroidManifest.xml:63:9-68:73
	android:screenOrientation
		ADDED from src/main/AndroidManifest.xml:67:13-49
	android:label
		ADDED from src/main/AndroidManifest.xml:66:13-45
	android:windowSoftInputMode
		ADDED from src/main/AndroidManifest.xml:68:13-70
	android:configChanges
		ADDED from src/main/AndroidManifest.xml:65:13-74
	android:name
		ADDED from src/main/AndroidManifest.xml:64:13-50
activity#cn.univs.app.activity.ChannelActivity
ADDED from src/main/AndroidManifest.xml:69:9-74:73
	android:screenOrientation
		ADDED from src/main/AndroidManifest.xml:73:13-49
	android:label
		ADDED from src/main/AndroidManifest.xml:72:13-45
	android:windowSoftInputMode
		ADDED from src/main/AndroidManifest.xml:74:13-70
	android:configChanges
		ADDED from src/main/AndroidManifest.xml:71:13-74
	android:name
		ADDED from src/main/AndroidManifest.xml:70:13-53
activity#cn.univs.app.activity.PersonActivity
ADDED from src/main/AndroidManifest.xml:76:9-80:73
	android:screenOrientation
		ADDED from src/main/AndroidManifest.xml:79:13-49
	android:windowSoftInputMode
		ADDED from src/main/AndroidManifest.xml:80:13-70
	android:configChanges
		ADDED from src/main/AndroidManifest.xml:78:13-74
	android:name
		ADDED from src/main/AndroidManifest.xml:77:13-52
activity#cn.univs.app.activity.MainActivity
ADDED from src/main/AndroidManifest.xml:81:9-87:73
	android:screenOrientation
		ADDED from src/main/AndroidManifest.xml:85:13-49
	android:label
		ADDED from src/main/AndroidManifest.xml:84:13-45
	android:windowSoftInputMode
		ADDED from src/main/AndroidManifest.xml:87:13-70
	android:configChanges
		ADDED from src/main/AndroidManifest.xml:83:13-74
	android:theme
		ADDED from src/main/AndroidManifest.xml:86:13-69
	android:name
		ADDED from src/main/AndroidManifest.xml:82:13-50
meta-data#UMENG_APPKEY
ADDED from src/main/AndroidManifest.xml:89:9-91:56
	android:value
		ADDED from src/main/AndroidManifest.xml:91:13-53
	android:name
		ADDED from src/main/AndroidManifest.xml:90:13-40
meta-data#UMENG_CHANNEL
ADDED from src/main/AndroidManifest.xml:92:9-94:37
	android:value
		ADDED from src/main/AndroidManifest.xml:94:13-34
	android:name
		ADDED from src/main/AndroidManifest.xml:93:13-41
activity#com.umeng.socialize.view.ShareActivity
ADDED from src/main/AndroidManifest.xml:96:9-102:71
	android:launchMode
		ADDED from src/main/AndroidManifest.xml:99:13-44
	android:noHistory
		ADDED from src/main/AndroidManifest.xml:100:13-37
	android:windowSoftInputMode
		ADDED from src/main/AndroidManifest.xml:102:13-68
	android:configChanges
		ADDED from src/main/AndroidManifest.xml:98:13-57
	android:theme
		ADDED from src/main/AndroidManifest.xml:101:13-50
	android:name
		ADDED from src/main/AndroidManifest.xml:97:13-66
activity#cn.univs.app.wxapi.WXEntryActivity
ADDED from src/main/AndroidManifest.xml:103:9-108:75
	android:screenOrientation
		ADDED from src/main/AndroidManifest.xml:107:13-49
	android:exported
		ADDED from src/main/AndroidManifest.xml:106:13-36
	android:configChanges
		ADDED from src/main/AndroidManifest.xml:105:13-74
	android:theme
		ADDED from src/main/AndroidManifest.xml:108:13-72
	android:name
		ADDED from src/main/AndroidManifest.xml:104:13-50
activity#cn.univs.app.StrartActivity
ADDED from src/main/AndroidManifest.xml:109:9-115:75
	android:screenOrientation
		ADDED from src/main/AndroidManifest.xml:114:13-49
	android:label
		ADDED from src/main/AndroidManifest.xml:113:13-58
	android:exported
		ADDED from src/main/AndroidManifest.xml:112:13-36
	android:configChanges
		ADDED from src/main/AndroidManifest.xml:111:13-74
	android:theme
		ADDED from src/main/AndroidManifest.xml:115:13-72
	android:name
		ADDED from src/main/AndroidManifest.xml:110:13-43
activity#cn.univs.app.activity.TestActivity
ADDED from src/main/AndroidManifest.xml:116:9-59
	android:name
		ADDED from src/main/AndroidManifest.xml:116:19-56
activity#cn.univs.app.activity.PhotoPreviewActivity
ADDED from src/main/AndroidManifest.xml:117:9-67
	android:name
		ADDED from src/main/AndroidManifest.xml:117:19-64
activity#cn.univs.app.activity.SaveActivity
ADDED from src/main/AndroidManifest.xml:118:9-68
	android:name
		ADDED from src/main/AndroidManifest.xml:118:19-56